The header doesn't contain the token key at newCommit endpoint - TIME: 2022-03-2413-44-32
The header doesn't contain the token key at newCommit endpoint - TIME: 2022-03-2413-44-45
The header doesn't contain the token key at newCommit endpoint - TIME: 2022-03-2413-46-08
Starting request at newCommit - TIME: 2022-03-2413-50-06
Ended request with status200 at newCommit - TIME: 2022-03-2413-50-06
Starting request at newCommit - TIME: 2022-03-2413-50-31
Starting request at newCommit - TIME: 2022-03-2413-50-50
Ended request with status: 200 at newCommit - TIME: 2022-03-2413-50-50
Starting request at newCommit - TIME: 2022-03-2413-51-04
Ended request with status: 200 at newCommit - TIME: 2022-03-2413-51-04
Starting request at newCommit - TIME: 2022-03-2413-51-54
Ended request with status: 200 at newCommit - TIME: 2022-03-2413-51-54
Starting request at newCommit - TIME: 2022-03-2413-54-18
Ended request with status: 200 at newCommit - TIME: 2022-03-2413-54-18
Starting request at newCommit - TIME: 2022-03-2413-54-23
Incorrect|Invalid token at newCommit endpoint - TIME: 2022-03-2413-54-23
Ended request with status: 401 at newCommit - TIME: 2022-03-2413-54-23
Starting request at newCommit - TIME: 2022-03-2414-15-05
Ended request with status: 200 at newCommit - TIME: 2022-03-2414-15-05
Starting request at newCommit - TIME: 2022-03-2414-17-24
Ended request with status: 200 at newCommit - TIME: 2022-03-2414-17-24
Starting request at newCommit - TIME: 2022-03-2414-17-41
Ended request with status: 200 at newCommit - TIME: 2022-03-2414-17-41
Starting request at newCommit - TIME: 2022-03-2414-25-01
Ended request with status: 200 at newCommit - TIME: 2022-03-2414-25-01
Starting request at newCommit - TIME: 2022-03-2414-26-24
Ended request with status: 200 at newCommit - TIME: 2022-03-2414-26-26
Starting request at newCommit - TIME: 2022-03-2414-43-25
[WinError 193] %1 is not a valid Win32 application at newCommit endpoint - TIME: 2022-03-2414-43-28
Ended request with status: 401 at newCommit - TIME: 2022-03-2414-43-28
Starting request at newCommit - TIME: 2022-03-2414-43-56
[WinError 2] The system cannot find the file specified at newCommit endpoint - TIME: 2022-03-2414-43-58
Ended request with status: 401 at newCommit - TIME: 2022-03-2414-43-58
Starting request at newCommit - TIME: 2022-03-2414-44-13
[WinError 2] The system cannot find the file specified at newCommit endpoint - TIME: 2022-03-2414-44-15
Ended request with status: 401 at newCommit - TIME: 2022-03-2414-44-15
Starting request at newCommit - TIME: 2022-03-2414-44-20
Ended request with status: 200 at newCommit - TIME: 2022-03-2414-44-22
Starting request at newCommit - TIME: 2022-03-2414-44-32
Ended request with status: 200 at newCommit - TIME: 2022-03-2414-44-34
Starting request at newCommit - TIME: 2022-03-2414-44-58
Ended request with status: 200 at newCommit - TIME: 2022-03-2414-45-00
Starting request at newCommit - TIME: 2022-03-2414-45-34
Ended request with status: 200 at newCommit - TIME: 2022-03-2414-45-36
Starting request at newCommit - TIME: 2022-03-2414-49-57
bufsize must be an integer at newCommit endpoint - TIME: 2022-03-2414-49-59
Ended request with status: 401 at newCommit - TIME: 2022-03-2414-49-59
Starting request at newCommit - TIME: 2022-03-2414-58-06
expected str, bytes or os.PathLike object, not set at newCommit endpoint - TIME: 2022-03-2414-58-08
Ended request with status: 401 at newCommit - TIME: 2022-03-2414-58-08
Starting request at newCommit - TIME: 2022-03-2414-58-32
Ended request with status: 200 at newCommit - TIME: 2022-03-2414-58-34
Starting request at newCommit - TIME: 2022-03-2414-59-12
Ended request with status: 200 at newCommit - TIME: 2022-03-2414-59-14
Starting request at newCommit - TIME: 2022-03-2414-59-32
Ended request with status: 200 at newCommit - TIME: 2022-03-2414-59-34
Starting request at newCommit - TIME: 2022-03-2415-01-11
Ended request with status: 200 at newCommit - TIME: 2022-03-2415-01-13
Starting request at newCommit - TIME: 2022-03-2415-04-53
Ended request with status: 200 at newCommit - TIME: 2022-03-2415-04-57
Starting request at newCommit - TIME: 2022-03-2415-06-29
Ended request with status: 200 at newCommit - TIME: 2022-03-2415-06-31
Starting request at newCommit - TIME: 2022-03-2415-06-42
Ended request with status: 200 at newCommit - TIME: 2022-03-2415-06-44
Starting request at newCommit - TIME: 2022-03-2415-07-05
Ended request with status: 200 at newCommit - TIME: 2022-03-2415-07-06
Starting request at newCommit - TIME: 2022-03-2415-08-33
Ended request with status: 200 at newCommit - TIME: 2022-03-2415-08-36
